<?xml version="1.0" encoding="UTF-8"?>
<testng-results skipped="0" failed="0" ignored="0" total="1" passed="1">
  <reporter-output>
  </reporter-output>
  <suite name="Default suite" duration-ms="39711" started-at="2019-11-19T17:27:02Z" finished-at="2019-11-19T17:27:42Z">
    <groups>
    </groups>
    <test name="Default test" duration-ms="39711" started-at="2019-11-19T17:27:02Z" finished-at="2019-11-19T17:27:42Z">
      <class name="com.training.sanity.tests.ElearnAdminLogin">
        <test-method status="PASS" signature="setUpBeforeClass()[pri:0, instance:com.training.sanity.tests.ElearnAdminLogin@5c7fa833]" name="setUpBeforeClass" is-config="true" duration-ms="16" started-at="2019-11-19T22:57:02Z" finished-at="2019-11-19T22:57:02Z">
          <reporter-output>
          </reporter-output>
        </test-method> <!-- setUpBeforeClass -->
        <test-method status="PASS" signature="setUp()[pri:0, instance:com.training.sanity.tests.ElearnAdminLogin@5c7fa833]" name="setUp" is-config="true" duration-ms="17227" started-at="2019-11-19T22:57:02Z" finished-at="2019-11-19T22:57:19Z">
          <reporter-output>
          </reporter-output>
        </test-method> <!-- setUp -->
        <test-method status="PASS" signature="Admin()[pri:0, instance:com.training.sanity.tests.ElearnAdminLogin@5c7fa833]" name="Admin" duration-ms="19292" started-at="2019-11-19T22:57:19Z" finished-at="2019-11-19T22:57:39Z">
          <reporter-output>
          </reporter-output>
        </test-method> <!-- Admin -->
        <test-method status="PASS" signature="tearDown()[pri:0, instance:com.training.sanity.tests.ElearnAdminLogin@5c7fa833]" name="tearDown" is-config="true" duration-ms="3145" started-at="2019-11-19T22:57:39Z" finished-at="2019-11-19T22:57:42Z">
          <reporter-output>
          </reporter-output>
        </test-method> <!-- tearDown -->
      </class> <!-- com.training.sanity.tests.ElearnAdminLogin -->
    </test> <!-- Default test -->
  </suite> <!-- Default suite -->
</testng-results>
