<?xml version="1.0" encoding="UTF-8"?>
<!-- Generated by org.testng.reporters.JUnitXMLReporter -->
<testsuite hostname="DESKTOP-HD1S0MK" ignored="2" name="Default test" tests="1" failures="0" timestamp="22 Nov 2019 04:25:00 GMT" time="32.868" errors="0">
  <testcase name="studComment" time="17.521" classname="com.training.sanity.tests.MediumTC46"/>
  <testcase name="teacherPrjctCreation" time="0.0" classname="com.training.sanity.tests.MediumTC46">
    <ignored/>
  </testcase> <!-- teacherPrjctCreation -->
  <testcase name="studentRegistration" time="0.0" classname="com.training.sanity.tests.MediumTC46">
    <ignored/>
  </testcase> <!-- studentRegistration -->
</testsuite> <!-- Default test -->
